<?xml version="1.0" encoding="UTF-8"?>
<!-- Generated by org.testng.reporters.JUnitXMLReporter -->
<testsuite ignored="2" hostname="DESKTOP-PNIJDNB" failures="0" tests="2" name="Default test" time="9.306" errors="0" timestamp="2022-04-13T16:46:34 IST">
  <testcase classname="com.simplilearn.demo.ParallelTest" name="LaunchChrome" time="8.719"/>
  <testcase classname="com.simplilearn.demo.ParallelTest" name="TryFacebook" time="0.505"/>
  <testcase classname="com.simplilearn.demo.ParallelTest" name="LaunchFirfox" time="0.0">
    <ignored/>
  </testcase> <!-- LaunchFirfox -->
  <testcase classname="com.simplilearn.demo.ParallelTest" name="TryFacebook2" time="0.0">
    <ignored/>
  </testcase> <!-- TryFacebook2 -->
</testsuite> <!-- Default test -->
